<?xml version="1.0" encoding="UTF-8"?>
<testng-results ignored="0" total="1" passed="1" failed="0" skipped="0">
  <reporter-output>
  </reporter-output>
  <suite started-at="2024-01-10T06:08:36 IST" name="Default suite" finished-at="2024-01-10T06:08:45 IST" duration-ms="8720">
    <groups>
    </groups>
    <test started-at="2024-01-10T06:08:36 IST" name="Default test" finished-at="2024-01-10T06:08:45 IST" duration-ms="8720">
      <class name="Demo.Demo">
        <test-method signature="demoTest()[pri:0, instance:Demo.Demo@479d31f3]" started-at="2024-01-10T06:08:36 IST" name="demoTest" finished-at="2024-01-10T06:08:45 IST" duration-ms="8650" status="PASS">
          <reporter-output>
          </reporter-output>
        </test-method> <!-- demoTest -->
      </class> <!-- Demo.Demo -->
    </test> <!-- Default test -->
  </suite> <!-- Default suite -->
</testng-results>
